Build target 'Target 1'
compiling main.c...
compiling ADC.C...
compiling Key.c...
compiling oled.c...
compiling W25QXX.c...
hardware\W25QXX.c(354): warning C280: 'i': unreferenced local variable
compiling Graphic.c...
linking...
*** WARNING L46: SFR SYMBOL HAS DIFFERENT VALUES
    SYMBOL:  b
    MODULE:  .\Objects\main.obj (MAIN)
   DEFINED:  .\Objects\main.obj (MAIN)

*** WARNING L46: SFR SYMBOL HAS DIFFERENT VALUES
    SYMBOL:  b
    MODULE:  .\Objects\ADC.obj (ADC)
   DEFINED:  .\Objects\main.obj (MAIN)

*** WARNING L46: SFR SYMBOL HAS DIFFERENT VALUES
    SYMBOL:  b
    MODULE:  .\Objects\Key.obj (KEY)
   DEFINED:  .\Objects\main.obj (MAIN)

*** WARNING L46: SFR SYMBOL HAS DIFFERENT VALUES
    SYMBOL:  b
    MODULE:  .\Objects\oled.obj (OLED)
   DEFINED:  .\Objects\main.obj (MAIN)

*** WARNING L46: SFR SYMBOL HAS DIFFERENT VALUES
    SYMBOL:  b
    MODULE:  .\Objects\W25QXX.obj (W25QXX)
   DEFINED:  .\Objects\main.obj (MAIN)

*** WARNING L46: SFR SYMBOL HAS DIFFERENT VALUES
    SYMBOL:  b
    MODULE:  .\Objects\Graphic.obj (GRAPHIC)
   DEFINED:  .\Objects\main.obj (MAIN)

*** WARNING L57: UNCALLED FUNCTION, IGNORED FOR OVERLAY PROCESS
    NAME:    _FIXEDSIN/MAIN

*** WARNING L57: UNCALLED FUNCTION, IGNORED FOR OVERLAY PROCESS
    NAME:    _FIXEDCOS/MAIN

*** WARNING L57: UNCALLED FUNCTION, IGNORED FOR OVERLAY PROCESS
    NAME:    RENDER/MAIN

*** WARNING L57: UNCALLED FUNCTION, IGNORED FOR OVERLAY PROCESS
    NAME:    ADC_SHUTDOWN/ADC

*** WARNING L57: UNCALLED FUNCTION, IGNORED FOR OVERLAY PROCESS
    NAME:    KEY_SCAN/KEY

*** WARNING L57: UNCALLED FUNCTION, IGNORED FOR OVERLAY PROCESS
    NAME:    _OLED_DISPLAYTURN/OLED

*** WARNING L57: UNCALLED FUNCTION, IGNORED FOR OVERLAY PROCESS
    NAME:    OLED_DISPLAY_OFF/OLED

*** WARNING L57: UNCALLED FUNCTION, IGNORED FOR OVERLAY PROCESS
    NAME:    _OLED_SHOWNUM/OLED

*** WARNING L57: UNCALLED FUNCTION, IGNORED FOR OVERLAY PROCESS
    NAME:    _OLED_PRINTF/OLED

*** WARNING L57: UNCALLED FUNCTION, IGNORED FOR OVERLAY PROCESS
    NAME:    _HARDWARESPI_INIT/W25QXX

*** WARNING L57: UNCALLED FUNCTION, IGNORED FOR OVERLAY PROCESS
    NAME:    _W25QXX_SELECTCHIP/W25QXX

*** WARNING L57: UNCALLED FUNCTION, IGNORED FOR OVERLAY PROCESS
    NAME:    _W25QXX_WRITEREGISTERS/W25QXX

*** WARNING L57: UNCALLED FUNCTION, IGNORED FOR OVERLAY PROCESS
    NAME:    W25QXX_GETCAPACITY/W25QXX

*** WARNING L57: UNCALLED FUNCTION, IGNORED FOR OVERLAY PROCESS
    NAME:    W25QXX_ERASECHIP/W25QXX

*** WARNING L57: UNCALLED FUNCTION, IGNORED FOR OVERLAY PROCESS
    NAME:    _W25QXX_READBYTE/W25QXX

*** WARNING L57: UNCALLED FUNCTION, IGNORED FOR OVERLAY PROCESS
    NAME:    _W25QXX_WRITEBYTE/W25QXX

*** WARNING L57: UNCALLED FUNCTION, IGNORED FOR OVERLAY PROCESS
    NAME:    _W25QXX_READPAGE/W25QXX

*** WARNING L57: UNCALLED FUNCTION, IGNORED FOR OVERLAY PROCESS
    NAME:    _W25QXX_WRITEPAGE/W25QXX

*** WARNING L57: UNCALLED FUNCTION, IGNORED FOR OVERLAY PROCESS
    NAME:    _W25QXX_ERASESECTOR/W25QXX

*** WARNING L57: UNCALLED FUNCTION, IGNORED FOR OVERLAY PROCESS
    NAME:    _GRAPHIC_DRAWLINE/GRAPHIC

*** WARNING L57: UNCALLED FUNCTION, IGNORED FOR OVERLAY PROCESS
    NAME:    _GRAPHIC_DRAWCIRCLEWIRED/GRAPHIC

*** WARNING L57: UNCALLED FUNCTION, IGNORED FOR OVERLAY PROCESS
    NAME:    _GRAPHIC_DRAWCIRCLEFILLED/GRAPHIC

Program Size: data=15.3 xdata=2990 const=2550 code=13844
creating hex file from ".\Objects\Cadio_3D"...
".\Objects\Cadio_3D" - 0 Error(s), 29 Warning(s).
Build Time Elapsed:  00:00:01
