Build target 'Target 1'
assembling STARTUP.A51...
compiling main.c...
compiling ADC.C...
compiling Key.c...
hardware\Key.c(51): warning C280: 'nxt': unreferenced local variable
compiling oled.c...
compiling Expression.c...
compiling Gui.c...
compiling Begin.c...
compiling cal.c...
compiling fun.c...
compiling set.c...
linking...
*** WARNING L48: IGNORED RECURSIVE CALL
    CALLED:  EXPRESSION
    CALLER:  _STACK_POP/EXPRESSION

Program Size: data=15.1 xdata=7807 const=15359 code=35529
creating hex file from ".\Objects\CadioMathBasic"...
".\Objects\CadioMathBasic" - 0 Error(s), 2 Warning(s).
Build Time Elapsed:  00:00:02
